<?xml version="1.0" encoding="UTF-8"?>
<!-- Generated by org.testng.reporters.JUnitXMLReporter -->
<testsuite ignored="0" hostname="SWO-35097263" failures="0" tests="3" name="Default test" time="3.594" errors="0" timestamp="2022-06-10T21:59:45 COT">
  <testcase classname="files.DynamicJson" name="addBook" time="2.253"/>
  <testcase classname="files.DynamicJson" name="addBook" time="0.653"/>
  <testcase classname="files.DynamicJson" name="addBook" time="0.654"/>
</testsuite> <!-- Default test -->
